<?xml version="1.0" encoding="UTF-8"?>
<!-- Generated by org.testng.reporters.JUnitReportReporter -->
<testsuite skipped="1" hostname="Shree-PC" name="com.signup.SignUpTestCases" tests="5" failures="0" timestamp="2022-01-21T13:16:51 IST" time="184.435" errors="0">
  <testcase name="companyName" time="39.828" classname="com.signup.SignUpTestCases"/>
  <system-out/>
  <testcase name="companyName" time="48.266" classname="com.signup.SignUpTestCases"/>
  <system-out/>
  <testcase name="companyName" time="46.344" classname="com.signup.SignUpTestCases"/>
  <system-out/>
  <testcase name="companyName" time="49.997" classname="com.signup.SignUpTestCases"/>
  <system-out/>
  <testcase name="fullName" classname="com.signup.SignUpTestCases">
    <skipped/>
  </testcase> <!-- fullName -->
  <system-out/>
</testsuite> <!-- com.signup.SignUpTestCases -->
